{
  "RSpec": {
    "coverage": {
      "/home/gui-pc/Desktop/Ruby/Backend_Turing/Module_3/Project/Sales_Engine/app/controllers/api/v1/items_controller.rb": [
        null,
        null,
        1,
        1,
        1,
        1,
        1,
        null,
        null,
        1,
        1,
        null,
        null,
        null,
        null
      ],
      "/home/gui-pc/Desktop/Ruby/Backend_Turing/Module_3/Project/Sales_Engine/app/controllers/application_controller.rb": [
        null,
        null,
        1,
        null
      ],
      "/home/gui-pc/Desktop/Ruby/Backend_Turing/Module_3/Project/Sales_Engine/app/controllers/api/v1/merchants_controller.rb": [
        null,
        null,
        1,
        1,
        1,
        1,
        1,
        null,
        null,
        1,
        1,
        null,
        null,
        null,
        null
      ],
      "/home/gui-pc/Desktop/Ruby/Backend_Turing/Module_3/Project/Sales_Engine/app/models/customer.rb": [
        null,
        null,
        null,
        null,
        null,
        null,
        null,
        null,
        null,
        null,
        null,
        null,
        null,
        1,
        1,
        null
      ],
      "/home/gui-pc/Desktop/Ruby/Backend_Turing/Module_3/Project/Sales_Engine/app/models/application_record.rb": [
        null,
        null,
        1,
        1,
        null
      ],
      "/home/gui-pc/Desktop/Ruby/Backend_Turing/Module_3/Project/Sales_Engine/app/models/invoice_item.rb": [
        null,
        null,
        null,
        null,
        null,
        null,
        null,
        null,
        null,
        null,
        null,
        null,
        null,
        null,
        null,
        null,
        null,
        null,
        null,
        null,
        1,
        1,
        1,
        null
      ],
      "/home/gui-pc/Desktop/Ruby/Backend_Turing/Module_3/Project/Sales_Engine/app/models/invoice.rb": [
        null,
        null,
        null,
        null,
        null,
        null,
        null,
        null,
        null,
        null,
        null,
        null,
        null,
        null,
        null,
        null,
        null,
        null,
        null,
        1,
        1,
        1,
        1,
        1,
        null,
        1,
        null
      ],
      "/home/gui-pc/Desktop/Ruby/Backend_Turing/Module_3/Project/Sales_Engine/app/models/item.rb": [
        null,
        null,
        null,
        null,
        null,
        null,
        null,
        null,
        null,
        null,
        null,
        null,
        null,
        null,
        null,
        null,
        null,
        null,
        null,
        1,
        1,
        1,
        1,
        null
      ],
      "/home/gui-pc/Desktop/Ruby/Backend_Turing/Module_3/Project/Sales_Engine/app/models/merchant.rb": [
        null,
        null,
        null,
        null,
        null,
        null,
        null,
        null,
        null,
        null,
        null,
        null,
        1,
        1,
        1,
        null
      ],
      "/home/gui-pc/Desktop/Ruby/Backend_Turing/Module_3/Project/Sales_Engine/app/controllers/api/v1/invoices_controller.rb": [
        null,
        null,
        1,
        1,
        1,
        1,
        1,
        null,
        null,
        1,
        1,
        null,
        null,
        null,
        null
      ],
      "/home/gui-pc/Desktop/Ruby/Backend_Turing/Module_3/Project/Sales_Engine/app/serializers/invoice_serializer.rb": [
        null,
        null,
        1,
        1,
        1,
        null,
        1,
        1,
        null
      ],
      "/home/gui-pc/Desktop/Ruby/Backend_Turing/Module_3/Project/Sales_Engine/app/serializers/item_serializer.rb": [
        null,
        null,
        null,
        null,
        null,
        null,
        null,
        null,
        null,
        null,
        null,
        null,
        null,
        null,
        null,
        null,
        null,
        null,
        null,
        1,
        1,
        1,
        null
      ],
      "/home/gui-pc/Desktop/Ruby/Backend_Turing/Module_3/Project/Sales_Engine/app/controllers/api/v1/merchants/find_controller.rb": [
        null,
        null,
        1,
        1,
        1,
        1,
        1,
        1,
        1,
        null,
        null,
        1,
        1,
        1,
        null,
        null,
        1,
        null,
        1,
        2,
        null,
        null,
        null,
        null,
        null
      ],
      "/home/gui-pc/Desktop/Ruby/Backend_Turing/Module_3/Project/Sales_Engine/app/serializers/merchant_serializer.rb": [
        null,
        null,
        null,
        null,
        null,
        null,
        null,
        null,
        null,
        null,
        null,
        null,
        1,
        1,
        1,
        null,
        1,
        null
      ],
      "/home/gui-pc/Desktop/Ruby/Backend_Turing/Module_3/Project/Sales_Engine/app/controllers/api/v1/merchants/items_controller.rb": [
        null,
        null,
        1,
        1,
        1,
        1,
        1,
        1,
        null,
        null,
        null,
        null,
        null
      ],
      "/home/gui-pc/Desktop/Ruby/Backend_Turing/Module_3/Project/Sales_Engine/app/controllers/api/v1/merchants/invoices_controller.rb": [
        null,
        null,
        1,
        1,
        1,
        1,
        1,
        1,
        null,
        null,
        null,
        null,
        null
      ]
    },
    "timestamp": 1570896430
  }
}
