{
  "RSpec": {
    "coverage": {
      "/home/gui-pc/Desktop/Ruby/Backend_Turing/Module_3/Project/Sales_Engine/app/models/item.rb": [
        null,
        null,
        null,
        null,
        null,
        null,
        null,
        null,
        null,
        null,
        null,
        null,
        null,
        null,
        null,
        null,
        null,
        null,
        null,
        1,
        1,
        1,
        1,
        null,
        1,
        0,
        null,
        null,
        1,
        0,
        null,
        null,
        1,
        null,
        null,
        null,
        1,
        null,
        null,
        1,
        null,
        null,
        null,
        null,
        null,
        null,
        null,
        1,
        null,
        null
      ],
      "/home/gui-pc/Desktop/Ruby/Backend_Turing/Module_3/Project/Sales_Engine/app/models/application_record.rb": [
        null,
        null,
        1,
        1,
        null
      ],
      "/home/gui-pc/Desktop/Ruby/Backend_Turing/Module_3/Project/Sales_Engine/app/models/merchant.rb": [
        null,
        null,
        null,
        null,
        null,
        null,
        null,
        null,
        null,
        null,
        null,
        null,
        1,
        1,
        1,
        1,
        null,
        1,
        0,
        null,
        null,
        1,
        null,
        null,
        null,
        null,
        null,
        0,
        null,
        null,
        1,
        null,
        null,
        null,
        null,
        null,
        0,
        null,
        null
      ],
      "/home/gui-pc/Desktop/Ruby/Backend_Turing/Module_3/Project/Sales_Engine/app/models/invoice.rb": [
        null,
        null,
        null,
        null,
        null,
        null,
        null,
        null,
        null,
        null,
        null,
        null,
        null,
        null,
        null,
        null,
        null,
        null,
        null,
        1,
        1,
        1,
        1,
        1,
        1,
        null,
        1,
        null,
        1,
        0,
        null,
        null,
        1,
        0,
        null,
        null,
        null,
        null,
        null,
        null,
        null,
        null,
        null,
        null,
        null
      ],
      "/home/gui-pc/Desktop/Ruby/Backend_Turing/Module_3/Project/Sales_Engine/app/models/customer.rb": [
        null,
        null,
        null,
        null,
        null,
        null,
        null,
        null,
        null,
        null,
        null,
        null,
        null,
        1,
        1,
        1,
        null,
        1,
        0,
        null,
        null
      ],
      "/home/gui-pc/Desktop/Ruby/Backend_Turing/Module_3/Project/Sales_Engine/app/models/invoice_item.rb": [
        null,
        null,
        null,
        null,
        null,
        null,
        null,
        null,
        null,
        null,
        null,
        null,
        null,
        null,
        null,
        null,
        null,
        null,
        null,
        null,
        1,
        1,
        1,
        null,
        1,
        0,
        null,
        null
      ],
      "/home/gui-pc/Desktop/Ruby/Backend_Turing/Module_3/Project/Sales_Engine/app/controllers/api/v1/items/most_revenue_controller.rb": [
        null,
        null,
        1,
        1,
        1,
        1,
        1,
        1,
        1,
        null,
        null,
        null,
        null,
        null
      ],
      "/home/gui-pc/Desktop/Ruby/Backend_Turing/Module_3/Project/Sales_Engine/app/controllers/application_controller.rb": [
        null,
        null,
        1,
        null
      ],
      "/home/gui-pc/Desktop/Ruby/Backend_Turing/Module_3/Project/Sales_Engine/app/serializers/item_serializer.rb": [
        null,
        null,
        null,
        null,
        null,
        null,
        null,
        null,
        null,
        null,
        null,
        null,
        null,
        null,
        null,
        null,
        null,
        null,
        null,
        1,
        1,
        1,
        null,
        1,
        3,
        null,
        null
      ],
      "/home/gui-pc/Desktop/Ruby/Backend_Turing/Module_3/Project/Sales_Engine/app/controllers/api/v1/items/item_sales_controller.rb": [
        null,
        null,
        1,
        1,
        1,
        1,
        1,
        1,
        1,
        null,
        null,
        null,
        null,
        null
      ],
      "/home/gui-pc/Desktop/Ruby/Backend_Turing/Module_3/Project/Sales_Engine/app/serializers/date_serializer.rb": [
        null,
        null,
        1,
        1,
        1,
        null
      ]
    },
    "timestamp": 1571682223
  }
}
